[2014-02-11 22:27:20] START
[2014-02-11 22:32:58] EDIT upload_file/models/db.py: 4
[2014-02-11 22:34:57] EDIT upload_file/controllers/default.py: 5
[2014-02-11 22:36:16] EDIT upload_file/models/db.py: 0
[2014-02-11 22:37:05] EDIT upload_file/views/default/index.html: -12
[2014-02-11 22:39:17] EDIT upload_file/controllers/default.py: -7
[2014-02-11 22:40:27] EDIT upload_file/models/db.py: 0
[2014-02-11 22:43:51] EDIT upload_file/views/default/index.html: 0
[2014-02-11 22:43:56] EDIT upload_file/controllers/default.py: 0
[2014-02-11 22:45:32] EDIT upload_file/controllers/default.py: 0
[2014-02-11 22:51:27] EDIT upload_file/controllers/default.py: 1
[2014-02-12 19:35:32] EDIT upload_file/controllers/default.py: 7
[2014-02-12 19:35:52] EDIT upload_file/controllers/default.py: 0
[2014-02-12 19:36:18] EDIT upload_file/controllers/default.py: 0
[2014-02-12 19:36:45] EDIT upload_file/controllers/default.py: 0
[2014-02-12 19:37:26] EDIT upload_file/controllers/default.py: 0
[2014-02-12 19:37:42] EDIT upload_file/controllers/default.py: 0
[2014-02-12 19:38:34] EDIT upload_file/controllers/default.py: 1
[2014-02-12 19:38:56] EDIT upload_file/controllers/default.py: -1
[2014-02-12 19:39:11] EDIT upload_file/controllers/default.py: 0
[2014-02-12 19:39:13] EDIT upload_file/controllers/default.py: 0
[2014-02-12 19:39:34] EDIT upload_file/controllers/default.py: 0
[2014-02-12 19:40:20] EDIT upload_file/controllers/default.py: 0
[2014-02-12 19:40:22] EDIT upload_file/controllers/default.py: 0
[2014-02-12 19:40:23] EDIT upload_file/controllers/default.py: 0
[2014-02-12 19:40:45] EDIT upload_file/controllers/default.py: -1
[2014-02-12 19:41:37] EDIT upload_file/controllers/default.py: 0
[2014-02-12 19:41:42] EDIT upload_file/controllers/default.py: 0
[2014-02-12 19:42:33] CREATE addimage.html: 0
[2014-02-12 19:44:43] EDIT upload_file/views/addimage.html: 3
[2014-02-12 19:44:57] EDIT upload_file/controllers/default.py: 0
[2014-02-12 19:46:14] EDIT upload_file/views/addimage.html: 0
[2014-02-12 19:46:58] EDIT upload_file/views/addimage.html: 0
[2014-02-12 19:48:48] EDIT upload_file/views/addimage.html: 1
[2014-02-12 19:51:49] EDIT upload_file/views/addimage.html: 0
[2014-02-12 19:52:27] EDIT upload_file/views/addimage.html: -3
[2014-02-12 19:52:41] EDIT upload_file/views/addimage.html: -1
[2014-02-12 19:54:41] CREATE default/addimage.html: 0
[2014-02-12 19:55:02] DELETE upload_file/views/addimage.html: -3
[2014-02-12 19:55:43] EDIT upload_file/views/default/addimage.html: 0
[2014-02-12 19:56:10] EDIT upload_file/views/default/addimage.html: 6
[2014-02-12 19:56:42] EDIT upload_file/views/default/addimage.html: 0
[2014-02-12 19:57:45] EDIT upload_file/controllers/default.py: 0
[2014-02-12 19:58:20] EDIT upload_file/views/default/addimage.html: 0
[2014-02-12 20:03:20] EDIT upload_file/controllers/default.py: 0
[2014-02-12 20:04:14] EDIT upload_file/controllers/default.py: 0
[2014-02-12 20:04:21] EDIT upload_file/controllers/default.py: 0
[2014-02-12 20:06:22] EDIT upload_file/controllers/default.py: 0
[2014-02-12 20:06:34] EDIT upload_file/controllers/default.py: 0
[2014-02-12 20:07:58] EDIT upload_file/controllers/default.py: 0
[2014-02-12 20:08:02] EDIT upload_file/controllers/default.py: 0
[2014-02-12 20:34:43] EDIT upload_file/views/default/addimage.html: 28
[2014-02-12 20:41:39] EDIT upload_file/views/default/addimage.html: 0
[2014-02-12 20:41:42] EDIT upload_file/views/default/addimage.html: 0
[2014-02-12 20:42:36] EDIT upload_file/views/default/addimage.html: 5
[2014-02-12 20:42:42] EDIT upload_file/views/default/addimage.html: 0
[2014-02-12 20:42:49] EDIT upload_file/views/default/addimage.html: 0
[2014-02-12 20:43:41] EDIT upload_file/views/default/addimage.html: 0
[2014-02-12 20:44:55] EDIT upload_file/views/default/addimage.html: 0
[2014-02-12 20:47:46] EDIT upload_file/views/default/addimage.html: 0
[2014-02-12 20:48:27] EDIT upload_file/views/default/addimage.html: 0
[2014-02-12 20:52:31] EDIT upload_file/views/default/addimage.html: 4
[2014-02-12 20:53:36] EDIT upload_file/views/default/addimage.html: 1
[2014-02-12 20:54:14] EDIT upload_file/views/default/addimage.html: 1
[2014-02-12 20:54:40] EDIT upload_file/views/default/addimage.html: 0
[2014-02-12 23:06:31] EDIT upload_file/views/default/addimage.html: -10
[2014-02-12 23:17:05] EDIT upload_file/views/default/addimage.html: 0
[2014-02-12 23:24:18] EDIT upload_file/controllers/default.py: 0
[2014-02-12 23:25:54] EDIT upload_file/controllers/default.py: 1
[2014-02-12 23:26:15] EDIT upload_file/controllers/default.py: 0
[2014-02-12 23:43:52] EDIT upload_file/views/default/addimage.html: 4
[2014-02-13 00:01:10] EDIT upload_file/views/default/addimage.html: 2
[2014-02-13 00:01:17] EDIT upload_file/views/default/addimage.html: 0
[2014-02-13 00:01:25] EDIT upload_file/controllers/default.py: 0
[2014-02-13 00:34:56] EDIT upload_file/views/default/addimage.html: 1
[2014-02-13 00:35:05] EDIT upload_file/views/default/addimage.html: 0
[2014-02-13 00:38:12] EDIT upload_file/controllers/default.py: -1
[2014-02-13 20:53:25] EDIT upload_file/models/db.py: 1
[2014-02-13 20:54:53] EDIT upload_file/controllers/default.py: 13
[2014-02-13 20:56:13] EDIT upload_file/controllers/default.py: 0
[2014-02-13 20:58:32] EDIT upload_file/controllers/default.py: 1
[2014-02-13 20:58:39] EDIT upload_file/controllers/default.py: 0
[2014-02-13 21:05:05] EDIT upload_file/controllers/default.py: 0
[2014-02-13 21:08:11] EDIT upload_file/controllers/default.py: 0
[2014-02-13 21:08:23] EDIT upload_file/controllers/default.py: 0
[2014-02-13 21:28:09] EDIT upload_file/controllers/default.py: 0
[2014-02-13 21:32:14] EDIT upload_file/controllers/default.py: 2
[2014-02-13 21:32:26] EDIT upload_file/controllers/default.py: 0
[2014-02-13 21:33:05] EDIT upload_file/controllers/default.py: 0
[2014-02-13 23:02:58] EDIT upload_file/controllers/default.py: 3
[2014-02-13 23:03:13] EDIT upload_file/controllers/default.py: 1
[2014-02-13 23:03:18] EDIT upload_file/controllers/default.py: 0
[2014-02-13 23:03:35] EDIT upload_file/controllers/default.py: 0
[2014-02-13 23:04:08] EDIT upload_file/controllers/default.py: 0
[2014-02-13 23:04:44] EDIT upload_file/controllers/default.py: 0
[2014-02-13 23:08:37] EDIT upload_file/controllers/default.py: 2
[2014-02-13 23:08:41] EDIT upload_file/controllers/default.py: 0
[2014-02-13 23:34:05] EDIT upload_file/controllers/default.py: 1
[2014-02-13 23:34:09] EDIT upload_file/controllers/default.py: 0
[2014-02-13 23:34:40] EDIT upload_file/controllers/default.py: 0
[2014-02-13 23:36:21] EDIT upload_file/controllers/default.py: 1
[2014-02-13 23:57:24] EDIT upload_file/controllers/default.py: 1
[2014-02-13 23:57:50] EDIT upload_file/controllers/default.py: 0
[2014-02-13 23:58:38] EDIT upload_file/controllers/default.py: 0
[2014-02-14 00:04:11] EDIT upload_file/controllers/default.py: -1
[2014-02-14 00:07:12] EDIT upload_file/controllers/default.py: 0
[2014-02-14 22:35:11] EDIT upload_file/models/db.py: 2
[2014-02-14 22:37:04] EDIT upload_file/views/default/addimage.html: 1
[2014-02-14 22:42:13] EDIT upload_file/views/default/index.html: 4
[2014-02-14 22:50:19] EDIT upload_file/controllers/default.py: 6
[2014-02-14 22:50:52] EDIT upload_file/views/default/index.html: 0
[2014-02-14 22:51:54] EDIT upload_file/models/db.py: 0
[2014-02-14 22:51:57] EDIT upload_file/views/default/index.html: 0
[2014-02-14 22:52:01] EDIT upload_file/controllers/default.py: 0
[2014-02-14 22:55:29] EDIT upload_file/models/db.py: 0
[2014-02-14 22:56:58] EDIT upload_file/models/db.py: 1
[2014-02-14 22:57:44] EDIT upload_file/models/db.py: 0
[2014-02-14 22:59:29] EDIT upload_file/models/db.py: -1
[2014-02-14 22:59:41] EDIT upload_file/models/db.py: 0
[2014-02-14 23:00:20] EDIT upload_file/controllers/default.py: 0
[2014-02-14 23:03:49] EDIT upload_file/controllers/default.py: 0
[2014-02-14 23:12:17] EDIT upload_file/controllers/default.py: 1
[2014-02-14 23:12:47] EDIT upload_file/controllers/default.py: -7
[2014-02-14 23:16:21] EDIT upload_file/controllers/default.py: 2
[2014-02-14 23:16:40] EDIT upload_file/controllers/default.py: 0
[2014-02-14 23:19:17] EDIT upload_file/views/default/index.html: -21
[2014-02-14 23:23:40] EDIT upload_file/controllers/default.py: -1
[2014-02-15 00:02:31] EDIT upload_file/controllers/default.py: 3
[2014-02-15 15:13:43] EDIT upload_file/controllers/default.py: 0
[2014-02-16 01:16:56] EDIT upload_file/controllers/default.py: 0
[2014-02-17 00:14:05] EDIT upload_file/controllers/default.py: -1
[2014-02-17 00:14:39] EDIT upload_file/controllers/default.py: 0
[2014-02-17 19:41:11] EDIT upload_file/controllers/default.py: 2
[2014-03-12 23:29:51] EDIT uploadfile/controllers/default.py: 1
[2014-03-12 23:33:34] EDIT uploadfile/models/db.py: 1
[2014-03-12 23:35:12] EDIT uploadfile/controllers/default.py: 2
[2014-03-12 23:36:20] EDIT uploadfile/models/db.py: 0
[2014-03-12 23:37:14] EDIT uploadfile/models/db.py: 0
[2014-03-12 23:44:37] EDIT uploadfile/controllers/default.py: 1
[2014-03-12 23:45:19] EDIT uploadfile/models/db.py: -1
[2014-03-13 20:33:39] EDIT uploadfile/controllers/default.py: 0
[2014-03-13 20:33:55] EDIT uploadfile/models/db.py: 0
[2014-03-13 20:35:09] EDIT uploadfile/controllers/default.py: 2
[2014-03-13 20:35:34] EDIT uploadfile/controllers/default.py: 1
[2014-03-13 20:37:55] EDIT uploadfile/controllers/default.py: 1
[2014-03-13 20:38:10] EDIT uploadfile/controllers/default.py: 0
[2014-03-14 10:02:15] EDIT uploadfile/controllers/default.py: -1
[2014-03-14 10:09:30] EDIT uploadfile/controllers/default.py: 0
[2014-03-14 10:10:09] EDIT uploadfile/controllers/default.py: 0
[2014-03-14 10:35:32] EDIT uploadfile/controllers/default.py: 0
[2014-03-14 11:07:19] EDIT uploadfile/controllers/default.py: 1
[2014-03-14 11:08:38] EDIT uploadfile/models/db.py: 1
[2014-03-27 22:43:09] EDIT uploadfile/controllers/default.py: 1
[2014-03-27 22:43:10] EDIT uploadfile/controllers/default.py: 0
[2014-03-27 22:44:32] EDIT uploadfile/controllers/default.py: 2
[2014-03-29 16:11:08] EDIT uploadfile/models/db.py: 2
[2014-03-29 16:12:05] EDIT uploadfile/controllers/default.py: 1
[2014-03-29 16:13:11] EDIT uploadfile/controllers/default.py: 2
[2014-03-29 16:13:26] EDIT uploadfile/controllers/default.py: 0
[2014-03-29 16:13:42] EDIT uploadfile/controllers/default.py: 0
[2014-03-29 16:13:48] EDIT uploadfile/controllers/default.py: 0
[2014-03-30 11:06:40] EDIT uploadfile/controllers/default.py: -1
[2014-03-30 11:14:05] EDIT uploadfile/controllers/default.py: 1
[2014-03-30 17:38:17] EDIT uploadfile/controllers/default.py: -1
[2014-03-30 17:38:48] EDIT uploadfile/controllers/default.py: -1
[2014-03-30 18:23:04] EDIT uploadfile/controllers/default.py: 2
[2014-03-30 18:24:58] EDIT uploadfile/models/db.py: 0
[2014-03-30 18:38:37] EDIT uploadfile/controllers/default.py: 1
[2014-03-30 18:38:57] EDIT uploadfile/controllers/default.py: 0
[2014-03-30 18:57:00] EDIT uploadfile/controllers/default.py: 0
[2014-03-30 18:57:34] EDIT uploadfile/controllers/default.py: 2
[2014-03-30 18:57:41] EDIT uploadfile/controllers/default.py: 0
[2014-03-30 23:35:44] EDIT uploadfile/controllers/default.py: -1
